0 info it worked if it ends with ok
1 verbose cli [ 'C:\\Program Files\\nodejs\\node.exe',
1 verbose cli   'C:\\Program Files\\nodejs\\node_modules\\npm\\bin\\npm-cli.js',
1 verbose cli   'install',
1 verbose cli   'jquery-fileupload',
1 verbose cli   '-D' ]
2 info using npm@2.14.2
3 info using node@v4.0.0
4 verbose install initial load of G:\Dropbox\dz3-project\watermark_ls\package.json
5 verbose installManyTop reading scoped package data from G:\Dropbox\dz3-project\watermark_ls\node_modules\browser-sync\package.json
6 verbose installManyTop reading scoped package data from G:\Dropbox\dz3-project\watermark_ls\node_modules\gulp\package.json
7 verbose installManyTop reading scoped package data from G:\Dropbox\dz3-project\watermark_ls\node_modules\gulp-autoprefixer\package.json
8 verbose installManyTop reading scoped package data from G:\Dropbox\dz3-project\watermark_ls\node_modules\gulp-clean\package.json
9 verbose installManyTop reading scoped package data from G:\Dropbox\dz3-project\watermark_ls\node_modules\gulp-compass\package.json
10 verbose installManyTop reading scoped package data from G:\Dropbox\dz3-project\watermark_ls\node_modules\gulp-install\package.json
11 verbose installManyTop reading scoped package data from G:\Dropbox\dz3-project\watermark_ls\node_modules\gulp-jade\package.json
12 verbose installManyTop reading scoped package data from G:\Dropbox\dz3-project\watermark_ls\node_modules\gulp-load-plugins\package.json
13 verbose installManyTop reading scoped package data from G:\Dropbox\dz3-project\watermark_ls\node_modules\gulp-minify-css\package.json
14 verbose installManyTop reading scoped package data from G:\Dropbox\dz3-project\watermark_ls\node_modules\gulp-sass\package.json
15 verbose installManyTop reading scoped package data from G:\Dropbox\dz3-project\watermark_ls\node_modules\gulp-uglify\package.json
16 verbose installManyTop reading scoped package data from G:\Dropbox\dz3-project\watermark_ls\node_modules\gulp-useref\package.json
17 verbose installManyTop reading scoped package data from G:\Dropbox\dz3-project\watermark_ls\node_modules\node-sass\package.json
18 verbose installManyTop reading scoped package data from G:\Dropbox\dz3-project\watermark_ls\node_modules\run-sequence\package.json
19 verbose installManyTop reading scoped package data from G:\Dropbox\dz3-project\watermark_ls\node_modules\wiredep\package.json
20 info package.json wiredep@2.2.2 No license field.
21 info package.json gulp-clean@0.3.1 No license field.
22 verbose readDependencies loading dependencies from G:\Dropbox\dz3-project\watermark_ls\package.json
23 silly cache add args [ 'jquery-fileupload', null ]
24 verbose cache add spec jquery-fileupload
25 silly cache add parsed spec Result {
25 silly cache add   raw: 'jquery-fileupload',
25 silly cache add   scope: null,
25 silly cache add   name: 'jquery-fileupload',
25 silly cache add   rawSpec: '',
25 silly cache add   spec: '*',
25 silly cache add   type: 'range' }
26 silly addNamed jquery-fileupload@*
27 verbose addNamed "*" is a valid semver range for jquery-fileupload
28 silly addNameRange { name: 'jquery-fileupload', range: '*', hasData: false }
29 silly mapToRegistry name jquery-fileupload
30 silly mapToRegistry using default registry
31 silly mapToRegistry registry https://registry.npmjs.org/
32 silly mapToRegistry uri https://registry.npmjs.org/jquery-fileupload
33 verbose addNameRange registry:https://registry.npmjs.org/jquery-fileupload not in flight; fetching
34 verbose request uri https://registry.npmjs.org/jquery-fileupload
35 verbose request no auth needed
36 info attempt registry request try #1 at 12:42:55 PM
37 verbose request id fa17b400da04db4d
38 http request GET https://registry.npmjs.org/jquery-fileupload
39 http 404 https://registry.npmjs.org/jquery-fileupload
40 verbose headers { 'content-type': 'application/json',
40 verbose headers   'cache-control': 'max-age=0',
40 verbose headers   'content-length': '2',
40 verbose headers   'accept-ranges': 'bytes',
40 verbose headers   date: 'Thu, 17 Sep 2015 09:43:00 GMT',
40 verbose headers   via: '1.1 varnish',
40 verbose headers   age: '0',
40 verbose headers   connection: 'keep-alive',
40 verbose headers   'x-served-by': 'cache-fra1234-FRA',
40 verbose headers   'x-cache': 'MISS',
40 verbose headers   'x-cache-hits': '0',
40 verbose headers   'x-timer': 'S1442482980.338486,VS0,VE117' }
41 silly get cb [ 404,
41 silly get   { 'content-type': 'application/json',
41 silly get     'cache-control': 'max-age=0',
41 silly get     'content-length': '2',
41 silly get     'accept-ranges': 'bytes',
41 silly get     date: 'Thu, 17 Sep 2015 09:43:00 GMT',
41 silly get     via: '1.1 varnish',
41 silly get     age: '0',
41 silly get     connection: 'keep-alive',
41 silly get     'x-served-by': 'cache-fra1234-FRA',
41 silly get     'x-cache': 'MISS',
41 silly get     'x-cache-hits': '0',
41 silly get     'x-timer': 'S1442482980.338486,VS0,VE117' } ]
42 verbose stack Error: Registry returned 404 for GET on https://registry.npmjs.org/jquery-fileupload
42 verbose stack     at makeError (C:\Program Files\nodejs\node_modules\npm\node_modules\npm-registry-client\lib\request.js:263:12)
42 verbose stack     at CachingRegistryClient.<anonymous> (C:\Program Files\nodejs\node_modules\npm\node_modules\npm-registry-client\lib\request.js:241:14)
42 verbose stack     at Request._callback (C:\Program Files\nodejs\node_modules\npm\node_modules\npm-registry-client\lib\request.js:171:14)
42 verbose stack     at Request.self.callback (C:\Program Files\nodejs\node_modules\npm\node_modules\request\request.js:198:22)
42 verbose stack     at emitTwo (events.js:87:13)
42 verbose stack     at Request.emit (events.js:172:7)
42 verbose stack     at Request.<anonymous> (C:\Program Files\nodejs\node_modules\npm\node_modules\request\request.js:1073:14)
42 verbose stack     at emitOne (events.js:82:20)
42 verbose stack     at Request.emit (events.js:169:7)
42 verbose stack     at IncomingMessage.<anonymous> (C:\Program Files\nodejs\node_modules\npm\node_modules\request\request.js:1019:12)
43 verbose statusCode 404
44 verbose pkgid jquery-fileupload
45 verbose cwd G:\Dropbox\dz3-project\watermark_ls\app
46 error Windows_NT 6.1.7601
47 error argv "C:\\Program Files\\nodejs\\node.exe" "C:\\Program Files\\nodejs\\node_modules\\npm\\bin\\npm-cli.js" "install" "jquery-fileupload" "-D"
48 error node v4.0.0
49 error npm  v2.14.2
50 error code E404
51 error 404 Registry returned 404 for GET on https://registry.npmjs.org/jquery-fileupload
51 error 404
51 error 404 'jquery-fileupload' is not in the npm registry.
51 error 404 You should bug the author to publish it (or use the name yourself!)
51 error 404 It was specified as a dependency of 'watermark'
51 error 404
51 error 404 Note that you can also install from a
51 error 404 tarball, folder, http url, or git url.
52 verbose exit [ 1, true ]
